<?xml version="1.0" encoding="UTF-8"?>
<testsuite xmlns:xsi="http://www.w3.org/2001/XMLSchema-instance" xsi:noNamespaceSchemaLocation="https://maven.apache.org/surefire/maven-surefire-plugin/xsd/surefire-test-report-3.0.xsd" version="3.0" name="tn.esprit.spring.services.InstructorServicesImplTest" time="0.274" tests="4" errors="0" skipped="0" failures="0">
  <properties>
[...]
</properties>
  <testcase name="shouldAddInstructor" classname="tn.esprit.spring.services.InstructorServicesImplTest" time="0.142">
    <system-out><![CDATA[=2023-11-14 12:26:28 -  INFO - o.s.t.context.support.AbstractContextLoader - Could not detect default resource locations for test class [tn.esprit.spring.services.InstructorServicesImplTest]: no resource found for suffixes {-context.xml, Context.groovy}. 
=2023-11-14 12:26:28 -  INFO - o.s.t.c.s.AnnotationConfigContextLoaderUtils - Could not detect default configuration classes for test class [tn.esprit.spring.services.InstructorServicesImplTest]: InstructorServicesImplTest does not declare any static, non-private, non-final, nested classes annotated with @Configuration. 
=2023-11-14 12:26:28 -  INFO - o.s.b.t.c.SpringBootTestContextBootstrapper - Found @SpringBootConfiguration tn.esprit.spring.GestionStationSkiApplication for test class tn.esprit.spring.services.InstructorServicesImplTest 
=2023-11-14 12:26:28 -  INFO - o.s.b.t.c.SpringBootTestContextBootstrapper - Loaded default TestExecutionListener class names from location [META-INF/spring.factories]: [org.springframework.boot.test.mock.mockito.MockitoTestExecutionListener, org.springframework.boot.test.mock.mockito.ResetMocksTestExecutionListener, org.springframework.boot.test.autoconfigure.restdocs.RestDocsTestExecutionListener, org.springframework.boot.test.autoconfigure.web.client.MockRestServiceServerResetTestExecutionListener, org.springframework.boot.test.autoconfigure.web.servlet.MockMvcPrintOnlyOnFailureTestExecutionListener, org.springframework.boot.test.autoconfigure.web.servlet.WebDriverTestExecutionListener, org.springframework.boot.test.autoconfigure.webservices.client.MockWebServiceServerTestExecutionListener, org.springframework.test.context.web.ServletTestExecutionListener, org.springframework.test.context.support.DirtiesContextBeforeModesTestExecutionListener, org.springframework.test.context.event.ApplicationEventsTestExecutionListener, org.springframework.test.context.support.DependencyInjectionTestExecutionListener, org.springframework.test.context.support.DirtiesContextTestExecutionListener, org.springframework.test.context.transaction.TransactionalTestExecutionListener, org.springframework.test.context.jdbc.SqlScriptsTestExecutionListener, org.springframework.test.context.event.EventPublishingTestExecutionListener] 
=2023-11-14 12:26:28 -  INFO - o.s.b.t.c.SpringBootTestContextBootstrapper - Using TestExecutionListeners: [org.springframework.test.context.web.ServletTestExecutionListener@13424929, org.springframework.test.context.support.DirtiesContextBeforeModesTestExecutionListener@29354084, org.springframework.test.context.event.ApplicationEventsTestExecutionListener@23cfbf76, org.springframework.boot.test.mock.mockito.MockitoTestExecutionListener@3661fddc, org.springframework.boot.test.autoconfigure.SpringBootDependencyInjectionTestExecutionListener@376bf138, org.springframework.test.context.support.DirtiesContextTestExecutionListener@3459a631, org.springframework.test.context.transaction.TransactionalTestExecutionListener@6a339bc3, org.springframework.test.context.jdbc.SqlScriptsTestExecutionListener@53850444, org.springframework.test.context.event.EventPublishingTestExecutionListener@3b0fdd3d, org.springframework.boot.test.mock.mockito.ResetMocksTestExecutionListener@429e9c43, org.springframework.boot.test.autoconfigure.restdocs.RestDocsTestExecutionListener@3485ea50, org.springframework.boot.test.autoconfigure.web.client.MockRestServiceServerResetTestExecutionListener@4f596fa0, org.springframework.boot.test.autoconfigure.web.servlet.MockMvcPrintOnlyOnFailureTestExecutionListener@afab543, org.springframework.boot.test.autoconfigure.web.servlet.WebDriverTestExecutionListener@3cb04cdb, org.springframework.boot.test.autoconfigure.webservices.client.MockWebServiceServerTestExecutionListener@277cf677] 
Hibernate: insert into instructor (date_of_hire, first_name, last_name) values (?, ?, ?)
Hibernate: select instructor0_.num_instructor as num_inst1_2_0_, instructor0_.date_of_hire as date_of_2_2_0_, instructor0_.first_name as first_na3_2_0_, instructor0_.last_name as last_nam4_2_0_ from instructor instructor0_ where instructor0_.num_instructor=?
Hibernate: select instructor0_.num_instructor as num_inst1_2_0_, instructor0_.date_of_hire as date_of_2_2_0_, instructor0_.first_name as first_na3_2_0_, instructor0_.last_name as last_nam4_2_0_ from instructor instructor0_ where instructor0_.num_instructor=?
Hibernate: delete from instructor_courses where instructor_num_instructor=?
Hibernate: delete from instructor where num_instructor=?
]]></system-out>
  </testcase>
  <testcase name="shouldRetrieveInstructor" classname="tn.esprit.spring.services.InstructorServicesImplTest" time="0.024">
    <system-out><![CDATA[Hibernate: insert into instructor (date_of_hire, first_name, last_name) values (?, ?, ?)
Hibernate: select instructor0_.num_instructor as num_inst1_2_0_, instructor0_.date_of_hire as date_of_2_2_0_, instructor0_.first_name as first_na3_2_0_, instructor0_.last_name as last_nam4_2_0_ from instructor instructor0_ where instructor0_.num_instructor=?
Hibernate: select instructor0_.num_instructor as num_inst1_2_0_, instructor0_.date_of_hire as date_of_2_2_0_, instructor0_.first_name as first_na3_2_0_, instructor0_.last_name as last_nam4_2_0_ from instructor instructor0_ where instructor0_.num_instructor=?
Hibernate: delete from instructor_courses where instructor_num_instructor=?
Hibernate: delete from instructor where num_instructor=?
]]></system-out>
  </testcase>
  <testcase name="shouldUpdateInstructor" classname="tn.esprit.spring.services.InstructorServicesImplTest" time="0.034">
    <system-out><![CDATA[Hibernate: insert into instructor (date_of_hire, first_name, last_name) values (?, ?, ?)
Hibernate: select instructor0_.num_instructor as num_inst1_2_0_, instructor0_.date_of_hire as date_of_2_2_0_, instructor0_.first_name as first_na3_2_0_, instructor0_.last_name as last_nam4_2_0_ from instructor instructor0_ where instructor0_.num_instructor=?
Hibernate: update instructor set date_of_hire=?, first_name=?, last_name=? where num_instructor=?
Hibernate: delete from instructor_courses where instructor_num_instructor=?
Hibernate: select instructor0_.num_instructor as num_inst1_2_0_, instructor0_.date_of_hire as date_of_2_2_0_, instructor0_.first_name as first_na3_2_0_, instructor0_.last_name as last_nam4_2_0_ from instructor instructor0_ where instructor0_.num_instructor=?
Hibernate: delete from instructor_courses where instructor_num_instructor=?
Hibernate: delete from instructor where num_instructor=?
]]></system-out>
  </testcase>
  <testcase name="shouldAddInstructorAndAssignToCourse" classname="tn.esprit.spring.services.InstructorServicesImplTest" time="0.047">
    <system-out><![CDATA[Hibernate: insert into course (level, price, support, time_slot, type_course) values (?, ?, ?, ?, ?)
Hibernate: select course0_.num_course as num_cour1_0_0_, course0_.level as level2_0_0_, course0_.price as price3_0_0_, course0_.support as support4_0_0_, course0_.time_slot as time_slo5_0_0_, course0_.type_course as type_cou6_0_0_ from course course0_ where course0_.num_course=?
Hibernate: insert into instructor (date_of_hire, first_name, last_name) values (?, ?, ?)
Hibernate: insert into instructor_courses (instructor_num_instructor, courses_num_course) values (?, ?)
Hibernate: select instructor0_.num_instructor as num_inst1_2_0_, instructor0_.date_of_hire as date_of_2_2_0_, instructor0_.first_name as first_na3_2_0_, instructor0_.last_name as last_nam4_2_0_ from instructor instructor0_ where instructor0_.num_instructor=?
Hibernate: select courses0_.instructor_num_instructor as instruct1_3_0_, courses0_.courses_num_course as courses_2_3_0_, course1_.num_course as num_cour1_0_1_, course1_.level as level2_0_1_, course1_.price as price3_0_1_, course1_.support as support4_0_1_, course1_.time_slot as time_slo5_0_1_, course1_.type_course as type_cou6_0_1_ from instructor_courses courses0_ inner join course course1_ on courses0_.courses_num_course=course1_.num_course where courses0_.instructor_num_instructor=?
Hibernate: delete from instructor_courses where instructor_num_instructor=?
Hibernate: delete from instructor where num_instructor=?
]]></system-out>
  </testcase>
</testsuite>