<?xml version="1.0" encoding="UTF-8"?>
<testsuite xmlns:xsi="http://www.w3.org/2001/XMLSchema-instance" xsi:noNamespaceSchemaLocation="https://maven.apache.org/surefire/maven-surefire-plugin/xsd/surefire-test-report.xsd" name="tn.esprit.spring.services.CourseServicesImplTest" time="0.259" tests="4" errors="0" skipped="0" failures="2">
  <properties>
[...]
</properties>
  <testcase name="shouldRetrieveAllCoursesWhenEmpty" classname="tn.esprit.spring.services.CourseServicesImplTest" time="0.096">
    <failure message="Expected an empty list ==&gt; expected: &lt;true&gt; but was: &lt;false&gt;" type="org.opentest4j.AssertionFailedError"><![CDATA[org.opentest4j.AssertionFailedError: Expected an empty list ==> expected: <true> but was: <false>
	at tn.esprit.spring.services.CourseServicesImplTest.shouldRetrieveAllCoursesWhenEmpty(CourseServicesImplTest.java:58)
]]></failure>
    <system-out><![CDATA[=2023-11-13 19:08:56 -  INFO - o.s.t.context.support.AbstractContextLoader - Could not detect default resource locations for test class [tn.esprit.spring.services.CourseServicesImplTest]: no resource found for suffixes {-context.xml, Context.groovy}. 
=2023-11-13 19:08:56 -  INFO - o.s.t.c.s.AnnotationConfigContextLoaderUtils - Could not detect default configuration classes for test class [tn.esprit.spring.services.CourseServicesImplTest]: CourseServicesImplTest does not declare any static, non-private, non-final, nested classes annotated with @Configuration. 
=2023-11-13 19:08:56 -  INFO - o.s.b.t.c.SpringBootTestContextBootstrapper - Found @SpringBootConfiguration tn.esprit.spring.GestionStationSkiApplication for test class tn.esprit.spring.services.CourseServicesImplTest 
=2023-11-13 19:08:56 -  INFO - o.s.b.t.c.SpringBootTestContextBootstrapper - Loaded default TestExecutionListener class names from location [META-INF/spring.factories]: [org.springframework.boot.test.mock.mockito.MockitoTestExecutionListener, org.springframework.boot.test.mock.mockito.ResetMocksTestExecutionListener, org.springframework.boot.test.autoconfigure.restdocs.RestDocsTestExecutionListener, org.springframework.boot.test.autoconfigure.web.client.MockRestServiceServerResetTestExecutionListener, org.springframework.boot.test.autoconfigure.web.servlet.MockMvcPrintOnlyOnFailureTestExecutionListener, org.springframework.boot.test.autoconfigure.web.servlet.WebDriverTestExecutionListener, org.springframework.boot.test.autoconfigure.webservices.client.MockWebServiceServerTestExecutionListener, org.springframework.test.context.web.ServletTestExecutionListener, org.springframework.test.context.support.DirtiesContextBeforeModesTestExecutionListener, org.springframework.test.context.event.ApplicationEventsTestExecutionListener, org.springframework.test.context.support.DependencyInjectionTestExecutionListener, org.springframework.test.context.support.DirtiesContextTestExecutionListener, org.springframework.test.context.transaction.TransactionalTestExecutionListener, org.springframework.test.context.jdbc.SqlScriptsTestExecutionListener, org.springframework.test.context.event.EventPublishingTestExecutionListener] 
=2023-11-13 19:08:56 -  INFO - o.s.b.t.c.SpringBootTestContextBootstrapper - Using TestExecutionListeners: [org.springframework.test.context.web.ServletTestExecutionListener@19868a1c, org.springframework.test.context.support.DirtiesContextBeforeModesTestExecutionListener@5c3f124b, org.springframework.test.context.event.ApplicationEventsTestExecutionListener@33c2b82e, org.springframework.boot.test.mock.mockito.MockitoTestExecutionListener@5d45f3c9, org.springframework.boot.test.autoconfigure.SpringBootDependencyInjectionTestExecutionListener@70be4417, org.springframework.test.context.support.DirtiesContextTestExecutionListener@54b7ad01, org.springframework.test.context.transaction.TransactionalTestExecutionListener@72127c71, org.springframework.test.context.jdbc.SqlScriptsTestExecutionListener@bb1241, org.springframework.test.context.event.EventPublishingTestExecutionListener@2a770bd, org.springframework.boot.test.mock.mockito.ResetMocksTestExecutionListener@6b111a4d, org.springframework.boot.test.autoconfigure.restdocs.RestDocsTestExecutionListener@a0102aa, org.springframework.boot.test.autoconfigure.web.client.MockRestServiceServerResetTestExecutionListener@52f030b1, org.springframework.boot.test.autoconfigure.web.servlet.MockMvcPrintOnlyOnFailureTestExecutionListener@6b6b90ca, org.springframework.boot.test.autoconfigure.web.servlet.WebDriverTestExecutionListener@8cb2c98, org.springframework.boot.test.autoconfigure.webservices.client.MockWebServiceServerTestExecutionListener@add6b79] 
Hibernate: select course0_.num_course as num_cour1_0_, course0_.level as level2_0_, course0_.price as price3_0_, course0_.support as support4_0_, course0_.time_slot as time_slo5_0_, course0_.type_course as type_cou6_0_ from course course0_
]]></system-out>
  </testcase>
  <testcase name="shouldAddCourse" classname="tn.esprit.spring.services.CourseServicesImplTest" time="0.09"/>
  <testcase name="shouldUpdateCourse" classname="tn.esprit.spring.services.CourseServicesImplTest" time="0.037"/>
  <testcase name="shouldRetrieveCourseById" classname="tn.esprit.spring.services.CourseServicesImplTest" time="0.024">
    <failure message="Retrieved course should match the saved course ==&gt; expected: &lt;tn.esprit.spring.entities.Course@2da1b09d&gt; but was: &lt;tn.esprit.spring.entities.Course@63b59324&gt;" type="org.opentest4j.AssertionFailedError"><![CDATA[org.opentest4j.AssertionFailedError: Retrieved course should match the saved course ==> expected: <tn.esprit.spring.entities.Course@2da1b09d> but was: <tn.esprit.spring.entities.Course@63b59324>
	at tn.esprit.spring.services.CourseServicesImplTest.shouldRetrieveCourseById(CourseServicesImplTest.java:101)
]]></failure>
    <system-out><![CDATA[Hibernate: insert into course (level, price, support, time_slot, type_course) values (?, ?, ?, ?, ?)
Hibernate: select course0_.num_course as num_cour1_0_0_, course0_.level as level2_0_0_, course0_.price as price3_0_0_, course0_.support as support4_0_0_, course0_.time_slot as time_slo5_0_0_, course0_.type_course as type_cou6_0_0_ from course course0_ where course0_.num_course=?
Hibernate: select course0_.num_course as num_cour1_0_0_, course0_.level as level2_0_0_, course0_.price as price3_0_0_, course0_.support as support4_0_0_, course0_.time_slot as time_slo5_0_0_, course0_.type_course as type_cou6_0_0_ from course course0_ where course0_.num_course=?
Hibernate: delete from course where num_course=?
]]></system-out>
  </testcase>
</testsuite>