<?xml version="1.0" encoding="UTF-8"?>
<testsuite xmlns:xsi="http://www.w3.org/2001/XMLSchema-instance" xsi:noNamespaceSchemaLocation="https://maven.apache.org/surefire/maven-surefire-plugin/xsd/surefire-test-report.xsd" name="tn.esprit.spring.services.CourseServicesImplTest" time="0.288" tests="4" errors="0" skipped="0" failures="1">
  <properties>
[...]
</properties>
  <testcase name="shouldRetrieveAllCoursesWhenEmpty" classname="tn.esprit.spring.services.CourseServicesImplTest" time="0.079"/>
  <testcase name="shouldAddCourse" classname="tn.esprit.spring.services.CourseServicesImplTest" time="0.109"/>
  <testcase name="shouldUpdateCourse" classname="tn.esprit.spring.services.CourseServicesImplTest" time="0.049"/>
  <testcase name="shouldRetrieveCourseById" classname="tn.esprit.spring.services.CourseServicesImplTest" time="0.044">
    <failure message="Retrieved course should match the saved course ==&gt; expected: &lt;tn.esprit.spring.entities.Course@6e1ad658&gt; but was: &lt;tn.esprit.spring.entities.Course@73dd0f23&gt;" type="org.opentest4j.AssertionFailedError"><![CDATA[org.opentest4j.AssertionFailedError: Retrieved course should match the saved course ==> expected: <tn.esprit.spring.entities.Course@6e1ad658> but was: <tn.esprit.spring.entities.Course@73dd0f23>
	at tn.esprit.spring.services.CourseServicesImplTest.shouldRetrieveCourseById(CourseServicesImplTest.java:101)
]]></failure>
    <system-out><![CDATA[Hibernate: insert into course (level, price, support, time_slot, type_course) values (?, ?, ?, ?, ?)
Hibernate: select course0_.num_course as num_cour1_0_0_, course0_.level as level2_0_0_, course0_.price as price3_0_0_, course0_.support as support4_0_0_, course0_.time_slot as time_slo5_0_0_, course0_.type_course as type_cou6_0_0_ from course course0_ where course0_.num_course=?
Hibernate: select course0_.num_course as num_cour1_0_0_, course0_.level as level2_0_0_, course0_.price as price3_0_0_, course0_.support as support4_0_0_, course0_.time_slot as time_slo5_0_0_, course0_.type_course as type_cou6_0_0_ from course course0_ where course0_.num_course=?
Hibernate: delete from course where num_course=?
]]></system-out>
  </testcase>
</testsuite>