-------------------------------------------------------------------------------
Test set: tn.esprit.spring.services.PistservicesImplTest
-------------------------------------------------------------------------------
Tests run: 4, Failures: 1, Errors: 0, Skipped: 0, Time elapsed: 0.069 s <<< FAILURE! - in tn.esprit.spring.services.PistservicesImplTest
shouldRetrievePiste  Time elapsed: 0.019 s  <<< FAILURE!
org.opentest4j.AssertionFailedError: Retrieved piste should match the saved piste ==> expected: <tn.esprit.spring.entities.Piste@43c5f937> but was: <tn.esprit.spring.entities.Piste@71a27986>
	at tn.esprit.spring.services.PistservicesImplTest.shouldRetrievePiste(PistservicesImplTest.java:85)

