-------------------------------------------------------------------------------
Test set: tn.esprit.spring.GestionStationSkiApplicationTests
-------------------------------------------------------------------------------
Tests run: 1, Failures: 0, Errors: 1, Skipped: 0, Time elapsed: 7.777 s <<< FAILURE! - in tn.esprit.spring.GestionStationSkiApplicationTests
tn.esprit.spring.GestionStationSkiApplicationTests.contextLoads  Time elapsed: 0.009 s  <<< ERROR!
java.lang.IllegalStateException: Failed to load ApplicationContext
Caused by: org.springframework.context.ApplicationContextException: Failed to start bean 'documentationPluginsBootstrapper'; nested exception is java.lang.NullPointerException
Caused by: java.lang.NullPointerException

